<?xml version="1.0" encoding="UTF-8"?>
<!-- Generated by org.testng.reporters.JUnitXMLReporter -->
<testsuite ignored="6" hostname="Pixentia-D69" failures="0" tests="8" name="Parallel Test" time="65.384" errors="0" timestamp="2026-02-11T21:09:19 IST">
  <testcase classname="smoke.LoginWithdataproviderPOM" name="login" time="4.552"/>
  <testcase classname="regression.SignUPWithPOM" name="SignUPValidation" time="10.042"/>
  <testcase classname="smoke.LoginWithdataproviderPOM" name="login" time="2.181"/>
  <testcase classname="regression.StepperPOM" name="stepperpagetest" time="27.104"/>
  <testcase classname="smoke.LoginWithdataproviderPOM" name="login" time="4.267"/>
  <testcase classname="smoke.LoginWithdataproviderPOM" name="login" time="3.28"/>
  <testcase classname="smoke.LoginWithdataproviderPOM" name="login" time="0.257"/>
  <testcase classname="regression.GAdmin_HomewithPOM" name="homePageRedirectionsvalidation" time="54.753"/>
  <testcase classname="base.BaseTest" name="@AfterTest reportsFlush" time="0.0">
    <ignored/>
  </testcase> <!-- @AfterTest reportsFlush -->
  <testcase classname="base.BaseTest" name="@BeforeTest fileConfiuration" time="0.0">
    <ignored/>
  </testcase> <!-- @BeforeTest fileConfiuration -->
  <testcase classname="base.BaseTest" name="@AfterTest reportsFlush" time="0.0">
    <ignored/>
  </testcase> <!-- @AfterTest reportsFlush -->
  <testcase classname="base.BaseTest" name="@BeforeTest fileConfiuration" time="0.0">
    <ignored/>
  </testcase> <!-- @BeforeTest fileConfiuration -->
  <testcase classname="base.BaseTest" name="@BeforeTest fileConfiuration" time="0.0">
    <ignored/>
  </testcase> <!-- @BeforeTest fileConfiuration -->
  <testcase classname="base.BaseTest" name="@AfterTest reportsFlush" time="0.0">
    <ignored/>
  </testcase> <!-- @AfterTest reportsFlush -->
</testsuite> <!-- Parallel Test -->
