<?xml version="1.0" encoding="UTF-8"?>
<!-- Generated by org.testng.reporters.JUnitXMLReporter -->
<testsuite ignored="6" hostname="Pixentia-D69" failures="0" tests="8" name="Parallel Test" time="129.838" errors="0" timestamp="2026-02-09T14:41:42 IST">
  <testcase classname="regression.StepperPOM" name="stepperpagetest" time="33.987"/>
  <testcase classname="regression.SignUPWithPOM" name="SignUPValidation" time="10.458"/>
  <testcase classname="regression.GAdmin_HomewithPOM" name="homePageRedirectionsvalidation" time="60.174"/>
  <testcase classname="smoke.LoginWithdataproviderPOM" name="login" time="10.612"/>
  <testcase classname="smoke.LoginWithdataproviderPOM" name="login" time="2.291"/>
  <testcase classname="smoke.LoginWithdataproviderPOM" name="login" time="4.224"/>
  <testcase classname="smoke.LoginWithdataproviderPOM" name="login" time="2.4"/>
  <testcase classname="smoke.LoginWithdataproviderPOM" name="login" time="0.326"/>
  <testcase classname="base.BaseTest" name="@AfterTest reportsFlush" time="0.0">
    <ignored/>
  </testcase> <!-- @AfterTest reportsFlush -->
  <testcase classname="base.BaseTest" name="@BeforeTest fileConfiuration" time="0.0">
    <ignored/>
  </testcase> <!-- @BeforeTest fileConfiuration -->
  <testcase classname="base.BaseTest" name="@AfterTest reportsFlush" time="0.0">
    <ignored/>
  </testcase> <!-- @AfterTest reportsFlush -->
  <testcase classname="base.BaseTest" name="@BeforeTest fileConfiuration" time="0.0">
    <ignored/>
  </testcase> <!-- @BeforeTest fileConfiuration -->
  <testcase classname="base.BaseTest" name="@BeforeTest fileConfiuration" time="0.0">
    <ignored/>
  </testcase> <!-- @BeforeTest fileConfiuration -->
  <testcase classname="base.BaseTest" name="@AfterTest reportsFlush" time="0.0">
    <ignored/>
  </testcase> <!-- @AfterTest reportsFlush -->
</testsuite> <!-- Parallel Test -->
