<?xml version="1.0" encoding="UTF-8"?>
<!-- Generated by org.testng.reporters.JUnitXMLReporter -->
<testsuite ignored="6" hostname="Pixentia-D69" failures="0" tests="8" name="All Functional Tests" time="118.761" errors="0" timestamp="2025-12-12T22:29:11 IST">
  <testcase classname="smoke.LoginWithdataproviderPOM" name="login" time="4.653"/>
  <testcase classname="smoke.LoginWithdataproviderPOM" name="login" time="2.511"/>
  <testcase classname="smoke.LoginWithdataproviderPOM" name="login" time="1.92"/>
  <testcase classname="smoke.LoginWithdataproviderPOM" name="login" time="2.177"/>
  <testcase classname="smoke.LoginWithdataproviderPOM" name="login" time="0.349"/>
  <testcase classname="regression.SignUPWithPOM" name="SignUPValidation" time="9.596"/>
  <testcase classname="regression.StepperPOM" name="stepperpagetest" time="20.788"/>
  <testcase classname="regression.GAdmin_HomewithPOM" name="homePageRedirectionsvalidation" time="32.901"/>
  <testcase classname="base.BaseTest" name="@AfterTest reportsFlush" time="0.0">
    <ignored/>
  </testcase> <!-- @AfterTest reportsFlush -->
  <testcase classname="base.BaseTest" name="@BeforeTest fileConfiuration" time="0.0">
    <ignored/>
  </testcase> <!-- @BeforeTest fileConfiuration -->
  <testcase classname="base.BaseTest" name="@BeforeTest fileConfiuration" time="0.0">
    <ignored/>
  </testcase> <!-- @BeforeTest fileConfiuration -->
  <testcase classname="base.BaseTest" name="@AfterTest reportsFlush" time="0.0">
    <ignored/>
  </testcase> <!-- @AfterTest reportsFlush -->
  <testcase classname="base.BaseTest" name="@BeforeTest fileConfiuration" time="0.0">
    <ignored/>
  </testcase> <!-- @BeforeTest fileConfiuration -->
  <testcase classname="base.BaseTest" name="@AfterTest reportsFlush" time="0.0">
    <ignored/>
  </testcase> <!-- @AfterTest reportsFlush -->
</testsuite> <!-- All Functional Tests -->
