<?xml version="1.0" encoding="UTF-8"?>
<!-- Generated by org.testng.reporters.JUnitXMLReporter -->
<testsuite ignored="6" hostname="Pixentia-D69" failures="1" tests="8" name="All Functional Tests" time="113.302" errors="0" timestamp="2025-12-01T17:56:44 IST">
  <testcase classname="smoke.LoginWithdataproviderPOM" name="login" time="6.649"/>
  <testcase classname="smoke.LoginWithdataproviderPOM" name="login" time="2.113"/>
  <testcase classname="smoke.LoginWithdataproviderPOM" name="login" time="2.054"/>
  <testcase classname="smoke.LoginWithdataproviderPOM" name="login" time="2.345"/>
  <testcase classname="smoke.LoginWithdataproviderPOM" name="login" time="0.347"/>
  <testcase classname="regression.SignUPWithPOM" name="SignUPValidation" time="9.371"/>
  <testcase classname="regression.StepperPOM" name="stepperpagetest" time="12.615">
    <failure type="org.openqa.selenium.StaleElementReferenceException" message="stale element reference: stale element not found in the current frame
  (Session info: chrome=142.0.7444.176)
For documentation on this error, please visit: https://www.selenium.dev/documentation/webdriver/troubleshooting/errors#staleelementreferenceexception
Build info: version: &amp;apos;4.38.0&amp;apos;, revision: &amp;apos;6b412e825c*&amp;apos;
System info: os.name: &amp;apos;Windows 10&amp;apos;, os.arch: &amp;apos;amd64&amp;apos;, os.version: &amp;apos;10.0&amp;apos;, java.version: &amp;apos;17.0.15&amp;apos;
Driver info: org.openqa.selenium.chrome.ChromeDriver
Command: [fe948db94ea2fb6d995ae7a58f99e6c0, isElementDisplayed {id=f.24D442C85B76F673B676E32BF3CF37D8.d.286DC6A0C7B0728DEBA9EE768150AB87.e.619}]
Capabilities {acceptInsecureCerts: false, browserName: chrome, browserVersion: 142.0.7444.176, chrome: {chromedriverVersion: 142.0.7444.175 (302067f14a4..., userDataDir: C:\Users\DLAKKA~1\AppData\L...}, fedcm:accounts: true, goog:chromeOptions: {debuggerAddress: localhost:65282}, goog:processID: 32748, networkConnectionEnabled: false, pageLoadStrategy: normal, platformName: windows, proxy: Proxy(), se:cdp: ws://localhost:65282/devtoo..., se:cdpVersion: 142.0.7444.176, setWindowRect: true, strictFileInteractability: false, timeouts: {implicit: 0, pageLoad: 300000, script: 30000}, unhandledPromptBehavior: dismiss and notify, webauthn:extension:credBlob: true, webauthn:extension:largeBlob: true, webauthn:extension:minPinLength: true, webauthn:extension:prf: true, webauthn:virtualAuthenticators: true}
Element: [[ChromeDriver: chrome on windows (fe948db94ea2fb6d995ae7a58f99e6c0)] -&amp;gt; xpath: //mat-option[contains(@class,&amp;apos;mat-mdc-option mdc-list-item&amp;apos;)and normalize-space()=&amp;apos;Software Quality Assurance&amp;apos;]]
Session ID: fe948db94ea2fb6d995ae7a58f99e6c0">
      <![CDATA[org.openqa.selenium.StaleElementReferenceException: stale element reference: stale element not found in the current frame
  (Session info: chrome=142.0.7444.176)
For documentation on this error, please visit: https://www.selenium.dev/documentation/webdriver/troubleshooting/errors#staleelementreferenceexception
Build info: version: '4.38.0', revision: '6b412e825c*'
System info: os.name: 'Windows 10', os.arch: 'amd64', os.version: '10.0', java.version: '17.0.15'
Driver info: org.openqa.selenium.chrome.ChromeDriver
Command: [fe948db94ea2fb6d995ae7a58f99e6c0, isElementDisplayed {id=f.24D442C85B76F673B676E32BF3CF37D8.d.286DC6A0C7B0728DEBA9EE768150AB87.e.619}]
Capabilities {acceptInsecureCerts: false, browserName: chrome, browserVersion: 142.0.7444.176, chrome: {chromedriverVersion: 142.0.7444.175 (302067f14a4..., userDataDir: C:\Users\DLAKKA~1\AppData\L...}, fedcm:accounts: true, goog:chromeOptions: {debuggerAddress: localhost:65282}, goog:processID: 32748, networkConnectionEnabled: false, pageLoadStrategy: normal, platformName: windows, proxy: Proxy(), se:cdp: ws://localhost:65282/devtoo..., se:cdpVersion: 142.0.7444.176, setWindowRect: true, strictFileInteractability: false, timeouts: {implicit: 0, pageLoad: 300000, script: 30000}, unhandledPromptBehavior: dismiss and notify, webauthn:extension:credBlob: true, webauthn:extension:largeBlob: true, webauthn:extension:minPinLength: true, webauthn:extension:prf: true, webauthn:virtualAuthenticators: true}
Element: [[ChromeDriver: chrome on windows (fe948db94ea2fb6d995ae7a58f99e6c0)] -> xpath: //mat-option[contains(@class,'mat-mdc-option mdc-list-item')and normalize-space()='Software Quality Assurance']]
Session ID: fe948db94ea2fb6d995ae7a58f99e6c0
at org.openqa.selenium.remote.ErrorCodec.decode(ErrorCodec.java:167)
at org.openqa.selenium.remote.codec.w3c.W3CHttpResponseCodec.decode(W3CHttpResponseCodec.java:138)
at org.openqa.selenium.remote.codec.w3c.W3CHttpResponseCodec.decode(W3CHttpResponseCodec.java:50)
at org.openqa.selenium.remote.HttpCommandExecutor.execute(HttpCommandExecutor.java:215)
at org.openqa.selenium.remote.service.DriverCommandExecutor.invokeExecute(DriverCommandExecutor.java:216)
at org.openqa.selenium.remote.service.DriverCommandExecutor.execute(DriverCommandExecutor.java:174)
at org.openqa.selenium.remote.RemoteWebDriver.execute(RemoteWebDriver.java:557)
at org.openqa.selenium.remote.RemoteWebElement.execute(RemoteWebElement.java:223)
at org.openqa.selenium.remote.RemoteWebElement.isDisplayed(RemoteWebElement.java:282)
at org.openqa.selenium.support.ui.ExpectedConditions.elementIfVisible(ExpectedConditions.java:308)
at org.openqa.selenium.support.ui.ExpectedConditions$10.apply(ExpectedConditions.java:294)
at org.openqa.selenium.support.ui.ExpectedConditions$10.apply(ExpectedConditions.java:291)
at org.openqa.selenium.support.ui.ExpectedConditions$23.apply(ExpectedConditions.java:662)
at org.openqa.selenium.support.ui.ExpectedConditions$23.apply(ExpectedConditions.java:658)
at org.openqa.selenium.support.ui.FluentWait.until(FluentWait.java:203)
at pages.BasePage.click(BasePage.java:33)
at pages.StepperPage.selectJobCategoryFromDropdown(StepperPage.java:108)
at regression.StepperPOM.stepperpagetest(StepperPOM.java:31)
at java.base/java.util.ArrayList.forEach(ArrayList.java:1511)
... Removed 32 stack frames]]>
    </failure>
  </testcase> <!-- stepperpagetest -->
  <testcase classname="regression.GAdmin_HomewithPOM" name="homePageRedirectionsvalidation" time="27.224"/>
  <testcase classname="base.BaseTest" name="@BeforeTest fileConfiuration" time="0.0">
    <ignored/>
  </testcase> <!-- @BeforeTest fileConfiuration -->
  <testcase classname="base.BaseTest" name="@BeforeTest fileConfiuration" time="0.0">
    <ignored/>
  </testcase> <!-- @BeforeTest fileConfiuration -->
  <testcase classname="base.BaseTest" name="@AfterTest reportsFlush" time="0.0">
    <ignored/>
  </testcase> <!-- @AfterTest reportsFlush -->
  <testcase classname="base.BaseTest" name="@AfterTest reportsFlush" time="0.0">
    <ignored/>
  </testcase> <!-- @AfterTest reportsFlush -->
  <testcase classname="base.BaseTest" name="@BeforeTest fileConfiuration" time="0.0">
    <ignored/>
  </testcase> <!-- @BeforeTest fileConfiuration -->
  <testcase classname="base.BaseTest" name="@AfterTest reportsFlush" time="0.0">
    <ignored/>
  </testcase> <!-- @AfterTest reportsFlush -->
</testsuite> <!-- All Functional Tests -->
