<?xml version="1.0" encoding="UTF-8"?>
<!-- Generated by org.testng.reporters.JUnitXMLReporter -->
<testsuite ignored="6" hostname="Pixentia-D69" failures="0" tests="8" name="All Functional Tests" time="152.226" errors="0" timestamp="2025-12-12T22:32:28 IST">
  <testcase classname="smoke.LoginWithdataproviderPOM" name="login" time="6.147"/>
  <testcase classname="smoke.LoginWithdataproviderPOM" name="login" time="2.771"/>
  <testcase classname="smoke.LoginWithdataproviderPOM" name="login" time="2.502"/>
  <testcase classname="smoke.LoginWithdataproviderPOM" name="login" time="2.02"/>
  <testcase classname="smoke.LoginWithdataproviderPOM" name="login" time="0.305"/>
  <testcase classname="regression.SignUPWithPOM" name="SignUPValidation" time="9.263"/>
  <testcase classname="regression.StepperPOM" name="stepperpagetest" time="22.113"/>
  <testcase classname="regression.GAdmin_HomewithPOM" name="homePageRedirectionsvalidation" time="38.157"/>
  <testcase classname="base.BaseTest" name="@BeforeTest fileConfiuration" time="0.0">
    <ignored/>
  </testcase> <!-- @BeforeTest fileConfiuration -->
  <testcase classname="base.BaseTest" name="@BeforeTest fileConfiuration" time="0.0">
    <ignored/>
  </testcase> <!-- @BeforeTest fileConfiuration -->
  <testcase classname="base.BaseTest" name="@BeforeTest fileConfiuration" time="0.0">
    <ignored/>
  </testcase> <!-- @BeforeTest fileConfiuration -->
  <testcase classname="base.BaseTest" name="@AfterTest reportsFlush" time="0.0">
    <ignored/>
  </testcase> <!-- @AfterTest reportsFlush -->
  <testcase classname="base.BaseTest" name="@AfterTest reportsFlush" time="0.0">
    <ignored/>
  </testcase> <!-- @AfterTest reportsFlush -->
  <testcase classname="base.BaseTest" name="@AfterTest reportsFlush" time="0.0">
    <ignored/>
  </testcase> <!-- @AfterTest reportsFlush -->
</testsuite> <!-- All Functional Tests -->
