<?xml version="1.0" encoding="UTF-8"?>
<testsuite xmlns:xsi="http://www.w3.org/2001/XMLSchema-instance" xsi:noNamespaceSchemaLocation="https://maven.apache.org/surefire/maven-surefire-plugin/xsd/surefire-test-report.xsd" version="3.0.2" name="TestSuite" time="60.356" tests="8" errors="0" skipped="0" failures="0">
  <properties>
[...]
</properties>
  <testcase name="login[{Expected Title=Home, UserName=bdatla@pixentia.com, TestCaseID=TC_login-001, ExpectedErrorMessage=, ExpectedUserNameErrorMessage=, ExpectedPasswordErrorMessage=, Password=Test123$}](1)" classname="smoke.LoginWithdataproviderPOM" time="3.011">
    <system-out><![CDATA[2026-02-09 16-15-46
]]></system-out>
    <system-err><![CDATA[Feb 09, 2026 4:15:50 PM org.openqa.selenium.devtools.CdpVersionFinder findNearestMatch
WARNING: Unable to find an exact match for CDP version 144, returning the closest version; found: 142; Please update to a Selenium version that supports CDP version 144
Feb 09, 2026 4:15:50 PM org.openqa.selenium.devtools.CdpVersionFinder findNearestMatch
WARNING: Unable to find an exact match for CDP version 144, returning the closest version; found: 142; Please update to a Selenium version that supports CDP version 144
Feb 09, 2026 4:15:50 PM org.openqa.selenium.devtools.CdpVersionFinder findNearestMatch
WARNING: Unable to find an exact match for CDP version 144, returning the closest version; found: 142; Please update to a Selenium version that supports CDP version 144
Feb 09, 2026 4:15:50 PM org.openqa.selenium.devtools.CdpVersionFinder findNearestMatch
WARNING: Unable to find an exact match for CDP version 144, returning the closest version; found: 142; Please update to a Selenium version that supports CDP version 144
]]></system-err>
  </testcase>
  <testcase name="login[{Expected Title=ChasmaNOVO, UserName=bdatla@pixentia.com, TestCaseID=TC_login-002, ExpectedErrorMessage=Incorrect username or password., ExpectedUserNameErrorMessage=, ExpectedPasswordErrorMessage=, Password=Test1234}](2)" classname="smoke.LoginWithdataproviderPOM" time="2.98"/>
  <testcase name="login[{Expected Title=ChasmaNOVO, UserName=bdatla@phenom.com, TestCaseID=TC_login-003, ExpectedErrorMessage=Incorrect username or password., ExpectedUserNameErrorMessage=, ExpectedPasswordErrorMessage=, Password=Test123$}](3)" classname="smoke.LoginWithdataproviderPOM" time="2.196"/>
  <testcase name="login[{Expected Title=ChasmaNOVO, UserName=bdatla@phenom.com, TestCaseID=TC_login-004, ExpectedErrorMessage=Incorrect username or password., ExpectedUserNameErrorMessage=, ExpectedPasswordErrorMessage=, Password=test1234}](4)" classname="smoke.LoginWithdataproviderPOM" time="2.013">
    <system-err><![CDATA[Feb 09, 2026 4:16:29 PM org.openqa.selenium.devtools.CdpVersionFinder findNearestMatch
WARNING: Unable to find an exact match for CDP version 144, returning the closest version; found: 142; Please update to a Selenium version that supports CDP version 144
]]></system-err>
  </testcase>
  <testcase name="login[{Expected Title=ChasmaNOVO, UserName=, TestCaseID=TC_login-005, ExpectedErrorMessage=, ExpectedUserNameErrorMessage=Username is required, ExpectedPasswordErrorMessage=Password is required, Password=}](5)" classname="smoke.LoginWithdataproviderPOM" time="0.404">
    <system-err><![CDATA[Feb 09, 2026 4:16:36 PM org.openqa.selenium.devtools.CdpVersionFinder findNearestMatch
WARNING: Unable to find an exact match for CDP version 144, returning the closest version; found: 142; Please update to a Selenium version that supports CDP version 144
]]></system-err>
  </testcase>
  <testcase name="SignUPValidation[{Zip=520015, ConfPassword=Test123$, Email=test@pixentia.com, FirstName=Deepika, Address2=sign nagar, TestCaseID=TC_signup-001, Address1=Pipul Road, City=vijayawada, Emailexisterrormessage=Email already Exists , State=Andhra Pradesh, Country=Bharat, LastName=Lakkamraju, SuccessToasterMessage=, Password=Test123$}](1)" classname="regression.SignUPWithPOM" time="9.851">
    <system-out><![CDATA[Actual Value from JS: Automation
Expected Value from Excel: Automation
Actual Value from JS: Test
Expected Value from Excel: Test
]]></system-out>
    <system-err><![CDATA[Feb 09, 2026 4:16:02 PM org.openqa.selenium.devtools.CdpVersionFinder findNearestMatch
WARNING: Unable to find an exact match for CDP version 144, returning the closest version; found: 142; Please update to a Selenium version that supports CDP version 144
]]></system-err>
  </testcase>
  <testcase name="stepperpagetest[{SkillName=Apache JMeter, SkillLevel=Beginner, Username=automationtest@pixentia.com, FirstName=Automation, JobCategory=Software Quality Assurance, TestCaseID=TC_stepper-001, LastName=Test, InterestData=Testing, Password=Test123$}](1)" classname="regression.StepperPOM" time="7.557">
    <system-err><![CDATA[Feb 09, 2026 4:16:16 PM org.openqa.selenium.devtools.CdpVersionFinder findNearestMatch
WARNING: Unable to find an exact match for CDP version 144, returning the closest version; found: 142; Please update to a Selenium version that supports CDP version 144
]]></system-err>
  </testcase>
  <testcase name="homePageRedirectionsvalidation" classname="regression.GAdmin_HomewithPOM" time="2.896">
    <system-out><![CDATA[0
]]></system-out>
  </testcase>
</testsuite>