<?xml version="1.0" encoding="UTF-8"?>
<testng-results ignored="0" total="8" passed="8" failed="0" skipped="0">
  <reporter-output>
  </reporter-output>
  <suite started-at="2026-02-09T16:15:46 IST" name="NOVO Automation with parallel Suite" finished-at="2026-02-09T16:16:45 IST" duration-ms="59208">
    <groups>
    </groups>
    <test started-at="2026-02-09T16:15:46 IST" name="Parallel Test" finished-at="2026-02-09T16:16:45 IST" duration-ms="59208">
      <class name="regression.SignUPWithPOM">
        <test-method is-config="true" signature="browserSetup(java.lang.reflect.Method)[pri:0, instance:regression.SignUPWithPOM@55322aab]" started-at="2026-02-09T16:15:47 IST" name="browserSetup" finished-at="2026-02-09T16:15:57 IST" duration-ms="10111" status="PASS">
          <params>
            <param index="0">
              <value>
                <![CDATA[public void regression.SignUPWithPOM.SignUPValidation(java.util.HashMap)]]>
              </value>
            </param>
          </params>
          <reporter-output>
          </reporter-output>
        </test-method> <!-- browserSetup -->
        <test-method signature="SignUPValidation(java.util.HashMap)[pri:0, instance:regression.SignUPWithPOM@55322aab]" started-at="2026-02-09T16:15:57 IST" name="SignUPValidation" data-provider="getSignUPdata" finished-at="2026-02-09T16:16:07 IST" duration-ms="9656" status="PASS">
          <params>
            <param index="0">
              <value>
                <![CDATA[{Zip=520015, ConfPassword=Test123$, Email=test@pixentia.com, FirstName=Deepika, Address2=sign nagar, TestCaseID=TC_signup-001, Address1=Pipul Road, City=vijayawada, Emailexisterrormessage=Email already Exists , State=Andhra Pradesh, Country=Bharat, LastName=Lakkamraju, SuccessToasterMessage=, Password=Test123$}]]>
              </value>
            </param>
          </params>
          <reporter-output>
          </reporter-output>
        </test-method> <!-- SignUPValidation -->
        <test-method is-config="true" signature="tearDown()[pri:0, instance:regression.SignUPWithPOM@55322aab]" started-at="2026-02-09T16:16:07 IST" name="tearDown" finished-at="2026-02-09T16:16:08 IST" duration-ms="570" status="PASS">
          <reporter-output>
          </reporter-output>
        </test-method> <!-- tearDown -->
      </class> <!-- regression.SignUPWithPOM -->
      <class name="smoke.LoginWithdataproviderPOM">
        <test-method is-config="true" signature="fileConfiuration()[pri:0, instance:smoke.LoginWithdataproviderPOM@12ed9db6]" started-at="2026-02-09T16:15:46 IST" name="fileConfiuration" finished-at="2026-02-09T16:15:46 IST" duration-ms="220" status="PASS">
          <reporter-output>
          </reporter-output>
        </test-method> <!-- fileConfiuration -->
        <test-method is-config="true" signature="browserSetup(java.lang.reflect.Method)[pri:0, instance:smoke.LoginWithdataproviderPOM@12ed9db6]" started-at="2026-02-09T16:15:47 IST" name="browserSetup" finished-at="2026-02-09T16:15:57 IST" duration-ms="9425" status="PASS">
          <params>
            <param index="0">
              <value>
                <![CDATA[public void smoke.LoginWithdataproviderPOM.login(java.util.HashMap)]]>
              </value>
            </param>
          </params>
          <reporter-output>
          </reporter-output>
        </test-method> <!-- browserSetup -->
        <test-method signature="login(java.util.HashMap)[pri:0, instance:smoke.LoginWithdataproviderPOM@12ed9db6]" started-at="2026-02-09T16:15:57 IST" name="login" data-provider="getlogintestdata" finished-at="2026-02-09T16:16:00 IST" duration-ms="3526" status="PASS">
          <params>
            <param index="0">
              <value>
                <![CDATA[{Expected Title=Home, UserName=bdatla@pixentia.com, TestCaseID=TC_login-001, ExpectedErrorMessage=, ExpectedUserNameErrorMessage=, ExpectedPasswordErrorMessage=, Password=Test123$}]]>
              </value>
            </param>
          </params>
          <reporter-output>
          </reporter-output>
        </test-method> <!-- login -->
        <test-method is-config="true" signature="tearDown()[pri:0, instance:smoke.LoginWithdataproviderPOM@12ed9db6]" started-at="2026-02-09T16:16:00 IST" name="tearDown" finished-at="2026-02-09T16:16:01 IST" duration-ms="427" status="PASS">
          <reporter-output>
          </reporter-output>
        </test-method> <!-- tearDown -->
        <test-method is-config="true" signature="browserSetup(java.lang.reflect.Method)[pri:0, instance:smoke.LoginWithdataproviderPOM@12ed9db6]" started-at="2026-02-09T16:16:01 IST" name="browserSetup" finished-at="2026-02-09T16:16:12 IST" duration-ms="11431" status="PASS">
          <params>
            <param index="0">
              <value>
                <![CDATA[public void smoke.LoginWithdataproviderPOM.login(java.util.HashMap)]]>
              </value>
            </param>
          </params>
          <reporter-output>
          </reporter-output>
        </test-method> <!-- browserSetup -->
        <test-method signature="login(java.util.HashMap)[pri:0, instance:smoke.LoginWithdataproviderPOM@12ed9db6]" started-at="2026-02-09T16:16:12 IST" name="login" data-provider="getlogintestdata" finished-at="2026-02-09T16:16:15 IST" duration-ms="2840" status="PASS">
          <params>
            <param index="0">
              <value>
                <![CDATA[{Expected Title=ChasmaNOVO, UserName=bdatla@pixentia.com, TestCaseID=TC_login-002, ExpectedErrorMessage=Incorrect username or password., ExpectedUserNameErrorMessage=, ExpectedPasswordErrorMessage=, Password=Test1234}]]>
              </value>
            </param>
          </params>
          <reporter-output>
          </reporter-output>
        </test-method> <!-- login -->
        <test-method is-config="true" signature="tearDown()[pri:0, instance:smoke.LoginWithdataproviderPOM@12ed9db6]" started-at="2026-02-09T16:16:15 IST" name="tearDown" finished-at="2026-02-09T16:16:16 IST" duration-ms="395" status="PASS">
          <reporter-output>
          </reporter-output>
        </test-method> <!-- tearDown -->
        <test-method is-config="true" signature="browserSetup(java.lang.reflect.Method)[pri:0, instance:smoke.LoginWithdataproviderPOM@12ed9db6]" started-at="2026-02-09T16:16:16 IST" name="browserSetup" finished-at="2026-02-09T16:16:24 IST" duration-ms="7987" status="PASS">
          <params>
            <param index="0">
              <value>
                <![CDATA[public void smoke.LoginWithdataproviderPOM.login(java.util.HashMap)]]>
              </value>
            </param>
          </params>
          <reporter-output>
          </reporter-output>
        </test-method> <!-- browserSetup -->
        <test-method signature="login(java.util.HashMap)[pri:0, instance:smoke.LoginWithdataproviderPOM@12ed9db6]" started-at="2026-02-09T16:16:24 IST" name="login" data-provider="getlogintestdata" finished-at="2026-02-09T16:16:26 IST" duration-ms="2058" status="PASS">
          <params>
            <param index="0">
              <value>
                <![CDATA[{Expected Title=ChasmaNOVO, UserName=bdatla@phenom.com, TestCaseID=TC_login-003, ExpectedErrorMessage=Incorrect username or password., ExpectedUserNameErrorMessage=, ExpectedPasswordErrorMessage=, Password=Test123$}]]>
              </value>
            </param>
          </params>
          <reporter-output>
          </reporter-output>
        </test-method> <!-- login -->
        <test-method is-config="true" signature="tearDown()[pri:0, instance:smoke.LoginWithdataproviderPOM@12ed9db6]" started-at="2026-02-09T16:16:26 IST" name="tearDown" finished-at="2026-02-09T16:16:27 IST" duration-ms="1644" status="PASS">
          <reporter-output>
          </reporter-output>
        </test-method> <!-- tearDown -->
        <test-method is-config="true" signature="browserSetup(java.lang.reflect.Method)[pri:0, instance:smoke.LoginWithdataproviderPOM@12ed9db6]" started-at="2026-02-09T16:16:27 IST" name="browserSetup" finished-at="2026-02-09T16:16:33 IST" duration-ms="5828" status="PASS">
          <params>
            <param index="0">
              <value>
                <![CDATA[public void smoke.LoginWithdataproviderPOM.login(java.util.HashMap)]]>
              </value>
            </param>
          </params>
          <reporter-output>
          </reporter-output>
        </test-method> <!-- browserSetup -->
        <test-method signature="login(java.util.HashMap)[pri:0, instance:smoke.LoginWithdataproviderPOM@12ed9db6]" started-at="2026-02-09T16:16:33 IST" name="login" data-provider="getlogintestdata" finished-at="2026-02-09T16:16:35 IST" duration-ms="1906" status="PASS">
          <params>
            <param index="0">
              <value>
                <![CDATA[{Expected Title=ChasmaNOVO, UserName=bdatla@phenom.com, TestCaseID=TC_login-004, ExpectedErrorMessage=Incorrect username or password., ExpectedUserNameErrorMessage=, ExpectedPasswordErrorMessage=, Password=test1234}]]>
              </value>
            </param>
          </params>
          <reporter-output>
          </reporter-output>
        </test-method> <!-- login -->
        <test-method is-config="true" signature="tearDown()[pri:0, instance:smoke.LoginWithdataproviderPOM@12ed9db6]" started-at="2026-02-09T16:16:35 IST" name="tearDown" finished-at="2026-02-09T16:16:36 IST" duration-ms="346" status="PASS">
          <reporter-output>
          </reporter-output>
        </test-method> <!-- tearDown -->
        <test-method is-config="true" signature="browserSetup(java.lang.reflect.Method)[pri:0, instance:smoke.LoginWithdataproviderPOM@12ed9db6]" started-at="2026-02-09T16:16:36 IST" name="browserSetup" finished-at="2026-02-09T16:16:41 IST" duration-ms="5052" status="PASS">
          <params>
            <param index="0">
              <value>
                <![CDATA[public void smoke.LoginWithdataproviderPOM.login(java.util.HashMap)]]>
              </value>
            </param>
          </params>
          <reporter-output>
          </reporter-output>
        </test-method> <!-- browserSetup -->
        <test-method signature="login(java.util.HashMap)[pri:0, instance:smoke.LoginWithdataproviderPOM@12ed9db6]" started-at="2026-02-09T16:16:41 IST" name="login" data-provider="getlogintestdata" finished-at="2026-02-09T16:16:41 IST" duration-ms="295" status="PASS">
          <params>
            <param index="0">
              <value>
                <![CDATA[{Expected Title=ChasmaNOVO, UserName=, TestCaseID=TC_login-005, ExpectedErrorMessage=, ExpectedUserNameErrorMessage=Username is required, ExpectedPasswordErrorMessage=Password is required, Password=}]]>
              </value>
            </param>
          </params>
          <reporter-output>
          </reporter-output>
        </test-method> <!-- login -->
        <test-method is-config="true" signature="tearDown()[pri:0, instance:smoke.LoginWithdataproviderPOM@12ed9db6]" started-at="2026-02-09T16:16:41 IST" name="tearDown" finished-at="2026-02-09T16:16:42 IST" duration-ms="448" status="PASS">
          <reporter-output>
          </reporter-output>
        </test-method> <!-- tearDown -->
        <test-method is-config="true" signature="reportsFlush()[pri:0, instance:smoke.LoginWithdataproviderPOM@12ed9db6]" started-at="2026-02-09T16:16:44 IST" name="reportsFlush" finished-at="2026-02-09T16:16:45 IST" duration-ms="992" status="PASS">
          <reporter-output>
          </reporter-output>
        </test-method> <!-- reportsFlush -->
      </class> <!-- smoke.LoginWithdataproviderPOM -->
      <class name="regression.GAdmin_HomewithPOM">
        <test-method is-config="true" signature="browserSetup(java.lang.reflect.Method)[pri:0, instance:regression.GAdmin_HomewithPOM@45fd9a4d]" started-at="2026-02-09T16:15:46 IST" name="browserSetup" finished-at="2026-02-09T16:15:56 IST" duration-ms="9229" status="PASS">
          <params>
            <param index="0">
              <value>
                <![CDATA[public void regression.GAdmin_HomewithPOM.homePageRedirectionsvalidation()]]>
              </value>
            </param>
          </params>
          <reporter-output>
          </reporter-output>
        </test-method> <!-- browserSetup -->
        <test-method signature="homePageRedirectionsvalidation()[pri:0, instance:regression.GAdmin_HomewithPOM@45fd9a4d]" started-at="2026-02-09T16:15:56 IST" name="homePageRedirectionsvalidation" finished-at="2026-02-09T16:16:43 IST" duration-ms="47944" status="PASS">
          <reporter-output>
          </reporter-output>
        </test-method> <!-- homePageRedirectionsvalidation -->
        <test-method is-config="true" signature="tearDown()[pri:0, instance:regression.GAdmin_HomewithPOM@45fd9a4d]" started-at="2026-02-09T16:16:44 IST" name="tearDown" finished-at="2026-02-09T16:16:44 IST" duration-ms="638" status="PASS">
          <reporter-output>
          </reporter-output>
        </test-method> <!-- tearDown -->
      </class> <!-- regression.GAdmin_HomewithPOM -->
      <class name="regression.StepperPOM">
        <test-method is-config="true" signature="browserSetup(java.lang.reflect.Method)[pri:0, instance:regression.StepperPOM@2b4c1d96]" started-at="2026-02-09T16:15:47 IST" name="browserSetup" finished-at="2026-02-09T16:15:56 IST" duration-ms="8566" status="PASS">
          <params>
            <param index="0">
              <value>
                <![CDATA[public void regression.StepperPOM.stepperpagetest(java.util.HashMap)]]>
              </value>
            </param>
          </params>
          <reporter-output>
          </reporter-output>
        </test-method> <!-- browserSetup -->
        <test-method signature="stepperpagetest(java.util.HashMap)[pri:0, instance:regression.StepperPOM@2b4c1d96]" started-at="2026-02-09T16:15:56 IST" name="stepperpagetest" data-provider="getTestDataFromExcel" finished-at="2026-02-09T16:16:20 IST" duration-ms="23748" status="PASS">
          <params>
            <param index="0">
              <value>
                <![CDATA[{SkillName=Apache JMeter, SkillLevel=Beginner, Username=automationtest@pixentia.com, FirstName=Automation, JobCategory=Software Quality Assurance, TestCaseID=TC_stepper-001, LastName=Test, InterestData=Testing, Password=Test123$}]]>
              </value>
            </param>
          </params>
          <reporter-output>
          </reporter-output>
        </test-method> <!-- stepperpagetest -->
        <test-method is-config="true" signature="tearDown()[pri:0, instance:regression.StepperPOM@2b4c1d96]" started-at="2026-02-09T16:16:20 IST" name="tearDown" finished-at="2026-02-09T16:16:20 IST" duration-ms="553" status="PASS">
          <reporter-output>
          </reporter-output>
        </test-method> <!-- tearDown -->
      </class> <!-- regression.StepperPOM -->
    </test> <!-- Parallel Test -->
  </suite> <!-- NOVO Automation with parallel Suite -->
</testng-results>
