<?xml version="1.0" encoding="UTF-8"?>
<testng-results ignored="0" total="8" passed="8" failed="0" skipped="0">
  <reporter-output>
  </reporter-output>
  <suite started-at="2025-12-12T22:27:12 IST" name="Novo Automation Suite" finished-at="2025-12-12T22:29:11 IST" duration-ms="118761">
    <groups>
    </groups>
    <test started-at="2025-12-12T22:27:12 IST" name="All Functional Tests" finished-at="2025-12-12T22:29:11 IST" duration-ms="118761">
      <class name="regression.SignUPWithPOM">
        <test-method is-config="true" signature="browserSetup(java.lang.reflect.Method)[pri:0, instance:regression.SignUPWithPOM@bccb269]" started-at="2025-12-12T22:27:52 IST" name="browserSetup" finished-at="2025-12-12T22:27:57 IST" duration-ms="4808" status="PASS">
          <params>
            <param index="0">
              <value>
                <![CDATA[public void regression.SignUPWithPOM.SignUPValidation(java.util.HashMap)]]>
              </value>
            </param>
          </params>
          <reporter-output>
          </reporter-output>
        </test-method> <!-- browserSetup -->
        <test-method signature="SignUPValidation(java.util.HashMap)[pri:0, instance:regression.SignUPWithPOM@bccb269]" started-at="2025-12-12T22:27:57 IST" name="SignUPValidation" data-provider="getSignUPdata" finished-at="2025-12-12T22:28:06 IST" duration-ms="9596" status="PASS">
          <params>
            <param index="0">
              <value>
                <![CDATA[{Zip=520015, ConfPassword=Test123$, Email=test@pixentia.com, FirstName=Deepika, Address2=sign nagar, TestCaseID=TC_signup-001, Address1=Pipul Road, City=vijayawada, Emailexisterrormessage=Email already Exists , State=Andhra Pradesh, Country=Bharat, LastName=Lakkamraju, SuccessToasterMessage=, Password=Test123$}]]>
              </value>
            </param>
          </params>
          <reporter-output>
          </reporter-output>
        </test-method> <!-- SignUPValidation -->
        <test-method is-config="true" signature="tearDown()[pri:0, instance:regression.SignUPWithPOM@bccb269]" started-at="2025-12-12T22:28:06 IST" name="tearDown" finished-at="2025-12-12T22:28:07 IST" duration-ms="495" status="PASS">
          <reporter-output>
          </reporter-output>
        </test-method> <!-- tearDown -->
      </class> <!-- regression.SignUPWithPOM -->
      <class name="smoke.LoginWithdataproviderPOM">
        <test-method is-config="true" signature="fileConfiuration()[pri:0, instance:smoke.LoginWithdataproviderPOM@63475ace]" started-at="2025-12-12T22:27:12 IST" name="fileConfiuration" finished-at="2025-12-12T22:27:12 IST" duration-ms="309" status="PASS">
          <reporter-output>
          </reporter-output>
        </test-method> <!-- fileConfiuration -->
        <test-method is-config="true" signature="browserSetup(java.lang.reflect.Method)[pri:0, instance:smoke.LoginWithdataproviderPOM@63475ace]" started-at="2025-12-12T22:27:13 IST" name="browserSetup" finished-at="2025-12-12T22:27:19 IST" duration-ms="5722" status="PASS">
          <params>
            <param index="0">
              <value>
                <![CDATA[public void smoke.LoginWithdataproviderPOM.login(java.util.HashMap)]]>
              </value>
            </param>
          </params>
          <reporter-output>
          </reporter-output>
        </test-method> <!-- browserSetup -->
        <test-method signature="login(java.util.HashMap)[pri:0, instance:smoke.LoginWithdataproviderPOM@63475ace]" started-at="2025-12-12T22:27:19 IST" name="login" data-provider="getlogintestdata" finished-at="2025-12-12T22:27:24 IST" duration-ms="4653" status="PASS">
          <params>
            <param index="0">
              <value>
                <![CDATA[{Expected Title=Home, UserName=bdatla@pixentia.com, TestCaseID=TC_login-001, ExpectedErrorMessage=, ExpectedUserNameErrorMessage=, ExpectedPasswordErrorMessage=, Password=Test123$}]]>
              </value>
            </param>
          </params>
          <reporter-output>
          </reporter-output>
        </test-method> <!-- login -->
        <test-method is-config="true" signature="tearDown()[pri:0, instance:smoke.LoginWithdataproviderPOM@63475ace]" started-at="2025-12-12T22:27:24 IST" name="tearDown" finished-at="2025-12-12T22:27:24 IST" duration-ms="380" status="PASS">
          <reporter-output>
          </reporter-output>
        </test-method> <!-- tearDown -->
        <test-method is-config="true" signature="browserSetup(java.lang.reflect.Method)[pri:0, instance:smoke.LoginWithdataproviderPOM@63475ace]" started-at="2025-12-12T22:27:24 IST" name="browserSetup" finished-at="2025-12-12T22:27:30 IST" duration-ms="5666" status="PASS">
          <params>
            <param index="0">
              <value>
                <![CDATA[public void smoke.LoginWithdataproviderPOM.login(java.util.HashMap)]]>
              </value>
            </param>
          </params>
          <reporter-output>
          </reporter-output>
        </test-method> <!-- browserSetup -->
        <test-method signature="login(java.util.HashMap)[pri:0, instance:smoke.LoginWithdataproviderPOM@63475ace]" started-at="2025-12-12T22:27:30 IST" name="login" data-provider="getlogintestdata" finished-at="2025-12-12T22:27:32 IST" duration-ms="2511" status="PASS">
          <params>
            <param index="0">
              <value>
                <![CDATA[{Expected Title=ChasmaNOVO, UserName=bdatla@pixentia.com, TestCaseID=TC_login-002, ExpectedErrorMessage=Incorrect username or password., ExpectedUserNameErrorMessage=, ExpectedPasswordErrorMessage=, Password=Test1234}]]>
              </value>
            </param>
          </params>
          <reporter-output>
          </reporter-output>
        </test-method> <!-- login -->
        <test-method is-config="true" signature="tearDown()[pri:0, instance:smoke.LoginWithdataproviderPOM@63475ace]" started-at="2025-12-12T22:27:32 IST" name="tearDown" finished-at="2025-12-12T22:27:33 IST" duration-ms="327" status="PASS">
          <reporter-output>
          </reporter-output>
        </test-method> <!-- tearDown -->
        <test-method is-config="true" signature="browserSetup(java.lang.reflect.Method)[pri:0, instance:smoke.LoginWithdataproviderPOM@63475ace]" started-at="2025-12-12T22:27:33 IST" name="browserSetup" finished-at="2025-12-12T22:27:37 IST" duration-ms="4195" status="PASS">
          <params>
            <param index="0">
              <value>
                <![CDATA[public void smoke.LoginWithdataproviderPOM.login(java.util.HashMap)]]>
              </value>
            </param>
          </params>
          <reporter-output>
          </reporter-output>
        </test-method> <!-- browserSetup -->
        <test-method signature="login(java.util.HashMap)[pri:0, instance:smoke.LoginWithdataproviderPOM@63475ace]" started-at="2025-12-12T22:27:37 IST" name="login" data-provider="getlogintestdata" finished-at="2025-12-12T22:27:39 IST" duration-ms="1920" status="PASS">
          <params>
            <param index="0">
              <value>
                <![CDATA[{Expected Title=ChasmaNOVO, UserName=bdatla@phenom.com, TestCaseID=TC_login-003, ExpectedErrorMessage=Incorrect username or password., ExpectedUserNameErrorMessage=, ExpectedPasswordErrorMessage=, Password=Test123$}]]>
              </value>
            </param>
          </params>
          <reporter-output>
          </reporter-output>
        </test-method> <!-- login -->
        <test-method is-config="true" signature="tearDown()[pri:0, instance:smoke.LoginWithdataproviderPOM@63475ace]" started-at="2025-12-12T22:27:39 IST" name="tearDown" finished-at="2025-12-12T22:27:39 IST" duration-ms="338" status="PASS">
          <reporter-output>
          </reporter-output>
        </test-method> <!-- tearDown -->
        <test-method is-config="true" signature="browserSetup(java.lang.reflect.Method)[pri:0, instance:smoke.LoginWithdataproviderPOM@63475ace]" started-at="2025-12-12T22:27:39 IST" name="browserSetup" finished-at="2025-12-12T22:27:44 IST" duration-ms="4504" status="PASS">
          <params>
            <param index="0">
              <value>
                <![CDATA[public void smoke.LoginWithdataproviderPOM.login(java.util.HashMap)]]>
              </value>
            </param>
          </params>
          <reporter-output>
          </reporter-output>
        </test-method> <!-- browserSetup -->
        <test-method signature="login(java.util.HashMap)[pri:0, instance:smoke.LoginWithdataproviderPOM@63475ace]" started-at="2025-12-12T22:27:44 IST" name="login" data-provider="getlogintestdata" finished-at="2025-12-12T22:27:46 IST" duration-ms="2177" status="PASS">
          <params>
            <param index="0">
              <value>
                <![CDATA[{Expected Title=ChasmaNOVO, UserName=bdatla@phenom.com, TestCaseID=TC_login-004, ExpectedErrorMessage=Incorrect username or password., ExpectedUserNameErrorMessage=, ExpectedPasswordErrorMessage=, Password=test1234}]]>
              </value>
            </param>
          </params>
          <reporter-output>
          </reporter-output>
        </test-method> <!-- login -->
        <test-method is-config="true" signature="tearDown()[pri:0, instance:smoke.LoginWithdataproviderPOM@63475ace]" started-at="2025-12-12T22:27:46 IST" name="tearDown" finished-at="2025-12-12T22:27:47 IST" duration-ms="482" status="PASS">
          <reporter-output>
          </reporter-output>
        </test-method> <!-- tearDown -->
        <test-method is-config="true" signature="browserSetup(java.lang.reflect.Method)[pri:0, instance:smoke.LoginWithdataproviderPOM@63475ace]" started-at="2025-12-12T22:27:47 IST" name="browserSetup" finished-at="2025-12-12T22:27:51 IST" duration-ms="4466" status="PASS">
          <params>
            <param index="0">
              <value>
                <![CDATA[public void smoke.LoginWithdataproviderPOM.login(java.util.HashMap)]]>
              </value>
            </param>
          </params>
          <reporter-output>
          </reporter-output>
        </test-method> <!-- browserSetup -->
        <test-method signature="login(java.util.HashMap)[pri:0, instance:smoke.LoginWithdataproviderPOM@63475ace]" started-at="2025-12-12T22:27:51 IST" name="login" data-provider="getlogintestdata" finished-at="2025-12-12T22:27:51 IST" duration-ms="349" status="PASS">
          <params>
            <param index="0">
              <value>
                <![CDATA[{Expected Title=ChasmaNOVO, UserName=, TestCaseID=TC_login-005, ExpectedErrorMessage=, ExpectedUserNameErrorMessage=Username is required, ExpectedPasswordErrorMessage=Password is required, Password=}]]>
              </value>
            </param>
          </params>
          <reporter-output>
          </reporter-output>
        </test-method> <!-- login -->
        <test-method is-config="true" signature="tearDown()[pri:0, instance:smoke.LoginWithdataproviderPOM@63475ace]" started-at="2025-12-12T22:27:52 IST" name="tearDown" finished-at="2025-12-12T22:27:52 IST" duration-ms="301" status="PASS">
          <reporter-output>
          </reporter-output>
        </test-method> <!-- tearDown -->
        <test-method is-config="true" signature="reportsFlush()[pri:0, instance:smoke.LoginWithdataproviderPOM@63475ace]" started-at="2025-12-12T22:29:10 IST" name="reportsFlush" finished-at="2025-12-12T22:29:11 IST" duration-ms="410" status="PASS">
          <reporter-output>
          </reporter-output>
        </test-method> <!-- reportsFlush -->
      </class> <!-- smoke.LoginWithdataproviderPOM -->
      <class name="regression.GAdmin_HomewithPOM">
        <test-method is-config="true" signature="browserSetup(java.lang.reflect.Method)[pri:0, instance:regression.GAdmin_HomewithPOM@17f7cd29]" started-at="2025-12-12T22:28:33 IST" name="browserSetup" finished-at="2025-12-12T22:28:37 IST" duration-ms="4420" status="PASS">
          <params>
            <param index="0">
              <value>
                <![CDATA[public void regression.GAdmin_HomewithPOM.homePageRedirectionsvalidation()]]>
              </value>
            </param>
          </params>
          <reporter-output>
          </reporter-output>
        </test-method> <!-- browserSetup -->
        <test-method signature="homePageRedirectionsvalidation()[pri:0, instance:regression.GAdmin_HomewithPOM@17f7cd29]" started-at="2025-12-12T22:28:37 IST" name="homePageRedirectionsvalidation" finished-at="2025-12-12T22:29:10 IST" duration-ms="32901" status="PASS">
          <reporter-output>
          </reporter-output>
        </test-method> <!-- homePageRedirectionsvalidation -->
        <test-method is-config="true" signature="tearDown()[pri:0, instance:regression.GAdmin_HomewithPOM@17f7cd29]" started-at="2025-12-12T22:29:10 IST" name="tearDown" finished-at="2025-12-12T22:29:10 IST" duration-ms="342" status="PASS">
          <reporter-output>
          </reporter-output>
        </test-method> <!-- tearDown -->
      </class> <!-- regression.GAdmin_HomewithPOM -->
      <class name="regression.StepperPOM">
        <test-method is-config="true" signature="browserSetup(java.lang.reflect.Method)[pri:0, instance:regression.StepperPOM@609cd4d8]" started-at="2025-12-12T22:28:07 IST" name="browserSetup" finished-at="2025-12-12T22:28:11 IST" duration-ms="4265" status="PASS">
          <params>
            <param index="0">
              <value>
                <![CDATA[public void regression.StepperPOM.stepperpagetest(java.util.HashMap)]]>
              </value>
            </param>
          </params>
          <reporter-output>
          </reporter-output>
        </test-method> <!-- browserSetup -->
        <test-method signature="stepperpagetest(java.util.HashMap)[pri:0, instance:regression.StepperPOM@609cd4d8]" started-at="2025-12-12T22:28:11 IST" name="stepperpagetest" data-provider="getTestDataFromExcel" finished-at="2025-12-12T22:28:32 IST" duration-ms="20788" status="PASS">
          <params>
            <param index="0">
              <value>
                <![CDATA[{SkillName=Apache JMeter, SkillLevel=Beginner, Username=test@pixentia.com, FirstName=test, JobCategory=Software Quality Assurance, TestCaseID=TC_stepper-001, LastName=test, InterestData=Testing, Password=Test123$}]]>
              </value>
            </param>
          </params>
          <reporter-output>
          </reporter-output>
        </test-method> <!-- stepperpagetest -->
        <test-method is-config="true" signature="tearDown()[pri:0, instance:regression.StepperPOM@609cd4d8]" started-at="2025-12-12T22:28:32 IST" name="tearDown" finished-at="2025-12-12T22:28:33 IST" duration-ms="338" status="PASS">
          <reporter-output>
          </reporter-output>
        </test-method> <!-- tearDown -->
      </class> <!-- regression.StepperPOM -->
    </test> <!-- All Functional Tests -->
  </suite> <!-- Novo Automation Suite -->
</testng-results>
