<?xml version="1.0" encoding="UTF-8"?>
<!-- Generated by org.testng.reporters.JUnitReportReporter -->
<testsuite hostname="Pixentia-D69" failures="0" tests="5" name="smoke.LoginWithdataproviderPOM" time="127.569" errors="0" timestamp="2026-02-09T14:41:42 IST" skipped="0">
  <testcase classname="smoke.LoginWithdataproviderPOM" name="login" time="73.743"/>
  <testcase classname="smoke.LoginWithdataproviderPOM" name="login" time="9.613"/>
  <testcase classname="smoke.LoginWithdataproviderPOM" name="login" time="9.644"/>
  <testcase classname="smoke.LoginWithdataproviderPOM" name="login" time="21.173"/>
  <testcase classname="smoke.LoginWithdataproviderPOM" name="login" time="13.396"/>
</testsuite> <!-- smoke.LoginWithdataproviderPOM -->
