<?xml version="1.0" encoding="UTF-8"?>
<!-- Generated by org.testng.reporters.JUnitReportReporter -->
<testsuite hostname="Pixentia-D69" failures="0" tests="5" name="smoke.LoginWithdataproviderPOM" time="53.608" errors="0" timestamp="2026-02-09T16:16:45 IST" skipped="0">
  <testcase classname="smoke.LoginWithdataproviderPOM" name="login" time="7.353"/>
  <testcase classname="smoke.LoginWithdataproviderPOM" name="login" time="15.915"/>
  <testcase classname="smoke.LoginWithdataproviderPOM" name="login" time="11.940"/>
  <testcase classname="smoke.LoginWithdataproviderPOM" name="login" time="10.066"/>
  <testcase classname="smoke.LoginWithdataproviderPOM" name="login" time="8.334"/>
</testsuite> <!-- smoke.LoginWithdataproviderPOM -->
